[debug] [2018-04-02T19:18:10.877Z] ----------------------------------------------------------------------
[debug] [2018-04-02T19:18:10.880Z] Command:       /usr/local/bin/node /usr/local/bin/firebase deploy
[debug] [2018-04-02T19:18:10.880Z] CLI Version:   3.17.4
[debug] [2018-04-02T19:18:10.880Z] Platform:      darwin
[debug] [2018-04-02T19:18:10.880Z] Node Version:  v8.6.0
[debug] [2018-04-02T19:18:10.881Z] Time:          Mon Apr 02 2018 22:18:10 GMT+0300 (MSK)
[debug] [2018-04-02T19:18:10.881Z] ----------------------------------------------------------------------
[debug] 
[debug] [2018-04-02T19:18:10.896Z] > command requires scopes: ["email","openid","https://www.googleapis.com/auth/cloudplatformprojects.readonly","https://www.googleapis.com/auth/firebase","https://www.googleapis.com/auth/cloud-platform"]
[debug] [2018-04-02T19:18:10.896Z] > authorizing via signed-in user
[debug] [2018-04-02T19:18:10.898Z] > refreshing access token with scopes: ["email","https://www.googleapis.com/auth/cloud-platform","https://www.googleapis.com/auth/cloudplatformprojects.readonly","https://www.googleapis.com/auth/firebase","openid"]
[debug] [2018-04-02T19:18:10.898Z] >>> HTTP REQUEST POST https://www.googleapis.com/oauth2/v3/token  
 { refresh_token: '1/VYO6-rxhvN4BdI9ZHa7omc9QG7DIm3OMe6sr_ROJM0g',
  client_id: '563584335869-fgrhgmd47bqnekij5i8b5pr03ho849e6.apps.googleusercontent.com',
  client_secret: 'j9iVZfS8kkCEFUPaAeJV0sAi',
  grant_type: 'refresh_token',
  scope: 'email https://www.googleapis.com/auth/cloud-platform https://www.googleapis.com/auth/cloudplatformprojects.readonly https://www.googleapis.com/auth/firebase openid' } 
 Mon Apr 02 2018 22:18:10 GMT+0300 (MSK)
[debug] [2018-04-02T19:18:11.119Z] <<< HTTP RESPONSE 200
[debug] [2018-04-02T19:18:11.128Z] >>> HTTP REQUEST GET https://admin.firebase.com/v1/projects/firebase-music-boom  
  
 Mon Apr 02 2018 22:18:11 GMT+0300 (MSK)
[debug] [2018-04-02T19:18:12.425Z] <<< HTTP RESPONSE 200
[debug] [2018-04-02T19:18:12.427Z] >>> HTTP REQUEST GET https://admin.firebase.com/v1/database/fir-music-boom/tokens  
  
 Mon Apr 02 2018 22:18:12 GMT+0300 (MSK)
[debug] [2018-04-02T19:18:13.347Z] <<< HTTP RESPONSE 200
[info] 
[info] === Deploying to 'firebase-music-boom'...
[info] 
[info] i  deploying hosting
[info] i  hosting: preparing build directory for upload...
[debug] [2018-04-02T19:18:15.486Z] >>> HTTP REQUEST PUT https://deploy.firebase.com/v1/hosting/fir-music-boom/uploads/-L96mujkgIFD90VQHf5E?fileCount=31&message=  
  
 Mon Apr 02 2018 22:18:15 GMT+0300 (MSK)
